<?xml version="1.0" encoding="UTF-8"?>
<!-- Generated by org.testng.reporters.JUnitReportReporter -->
<testsuite hostname="LAPTOP-19F2RTS8" failures="0" tests="1" name="com.test.Modules.TestCases.TestCase3002" time="22.619" errors="0" timestamp="2024-02-13T17:12:54 IST" skipped="0">
  <testcase classname="com.test.Modules.TestCases.TestCase3002" name="More_Menu" time="22.619"/>
</testsuite> <!-- com.test.Modules.TestCases.TestCase3002 -->
