<?xml version="1.0" encoding="UTF-8"?>
<!-- Generated by org.testng.reporters.JUnitReportReporter -->
<testsuite hostname="LAPTOP-19F2RTS8" failures="0" tests="4" name="com.test.inSingleClass.Single_Class_TestCase" time="165.645" errors="0" timestamp="2024-02-13T17:05:49 IST" skipped="0">
  <testcase classname="com.test.inSingleClass.Single_Class_TestCase" name="Login_And_Logout" time="19.716"/>
  <testcase classname="com.test.inSingleClass.Single_Class_TestCase" name="Registering_The_User_Save" time="43.420"/>
  <testcase classname="com.test.inSingleClass.Single_Class_TestCase" name="Registering_The_User_Cancel" time="57.373"/>
  <testcase classname="com.test.inSingleClass.Single_Class_TestCase" name="Registering_The_User_Selecting_OtherCity" time="45.136"/>
</testsuite> <!-- com.test.inSingleClass.Single_Class_TestCase -->
