<?xml version="1.0" encoding="UTF-8"?>
<!-- Generated by org.testng.reporters.JUnitReportReporter -->
<testsuite hostname="LAPTOP-19F2RTS8" failures="0" tests="1" name="com.LoginPage.TestCases.TestCase004" time="19.426" errors="0" timestamp="2024-02-06T17:47:08 IST" skipped="0">
  <testcase classname="com.LoginPage.TestCases.TestCase004" name="Login_And_Logout" time="19.426"/>
</testsuite> <!-- com.LoginPage.TestCases.TestCase004 -->
