<?xml version="1.0" encoding="UTF-8"?>
<!-- Generated by org.testng.reporters.JUnitReportReporter -->
<testsuite hostname="LAPTOP-19F2RTS8" failures="0" tests="1" name="com.test.Modules.TestCases.TestCase3011" time="36.517" errors="0" timestamp="2024-02-13T17:12:54 IST" skipped="0">
  <testcase classname="com.test.Modules.TestCases.TestCase3011" name="More_iFrame" time="36.517"/>
</testsuite> <!-- com.test.Modules.TestCases.TestCase3011 -->
