<?xml version="1.0" encoding="UTF-8"?>
<!-- Generated by org.testng.reporters.JUnitReportReporter -->
<testsuite hostname="LAPTOP-19F2RTS8" failures="0" tests="1" name="com.test.Modules.TestCases.TestCase3005" time="41.945" errors="0" timestamp="2024-02-13T17:12:54 IST" skipped="0">
  <testcase classname="com.test.Modules.TestCases.TestCase3005" name="More_Images" time="41.945"/>
</testsuite> <!-- com.test.Modules.TestCases.TestCase3005 -->
