<?xml version="1.0" encoding="UTF-8"?>
<!-- Generated by org.testng.reporters.JUnitReportReporter -->
<testsuite hostname="LAPTOP-19F2RTS8" failures="0" tests="1" name="com.LoginPage.TestCases.TestCase001" time="18.712" errors="0" timestamp="2024-02-06T17:39:33 IST" skipped="0">
  <testcase classname="com.LoginPage.TestCases.TestCase001" name="Login_Page_1" time="18.712"/>
</testsuite> <!-- com.LoginPage.TestCases.TestCase001 -->
