<?xml version="1.0" encoding="UTF-8"?>
<!-- Generated by org.testng.reporters.JUnitReportReporter -->
<testsuite hostname="LAPTOP-19F2RTS8" failures="0" tests="1" name="com.RegistrationPage.TestCases.TestCase2002" time="58.545" errors="0" timestamp="2024-02-13T17:02:15 IST" skipped="0">
  <testcase classname="com.RegistrationPage.TestCases.TestCase2002" name="Registering_The_User_Cancel" time="58.545"/>
</testsuite> <!-- com.RegistrationPage.TestCases.TestCase2002 -->
