<?xml version="1.0" encoding="UTF-8"?>
<!-- Generated by org.testng.reporters.JUnitReportReporter -->
<testsuite hostname="LAPTOP-19F2RTS8" failures="0" tests="1" name="com.RegistrationPage.TestCases.TestCase001" time="43.166" errors="0" timestamp="2024-02-06T17:45:46 IST" skipped="0">
  <testcase classname="com.RegistrationPage.TestCases.TestCase001" name="Registering_The_User_Save" time="43.166"/>
</testsuite> <!-- com.RegistrationPage.TestCases.TestCase001 -->
