<?xml version="1.0" encoding="UTF-8"?>
<!-- Generated by org.testng.reporters.JUnitReportReporter -->
<testsuite hostname="LAPTOP-19F2RTS8" failures="0" tests="1" name="com.DataProvider.TestCase.TestCase5001" time="15.142" errors="0" timestamp="2024-02-14T10:57:56 IST" skipped="0">
  <testcase classname="com.DataProvider.TestCase.TestCase5001" name="TestCase_On_DataProvider" time="15.142"/>
</testsuite> <!-- com.DataProvider.TestCase.TestCase5001 -->
