<?xml version="1.0" encoding="UTF-8"?>
<!-- Generated by org.testng.reporters.JUnitReportReporter -->
<testsuite hostname="LAPTOP-19F2RTS8" failures="0" tests="1" name="com.ExcelTestcases.TestCase4001" time="86.595" errors="0" timestamp="2024-02-14T11:02:41 IST" skipped="0">
  <testcase classname="com.ExcelTestcases.TestCase4001" name="Read_Tesdata_From_Excel" time="86.595"/>
</testsuite> <!-- com.ExcelTestcases.TestCase4001 -->
