<?xml version="1.0" encoding="UTF-8"?>
<!-- Generated by org.testng.reporters.JUnitReportReporter -->
<testsuite hostname="LAPTOP-19F2RTS8" failures="0" tests="1" name="com.LoginPage.TestCases.TestCase1003" time="19.924" errors="0" timestamp="2024-02-14T11:15:26 IST" skipped="0">
  <testcase classname="com.LoginPage.TestCases.TestCase1003" name="Login_Page_Admin_Page" time="19.924"/>
</testsuite> <!-- com.LoginPage.TestCases.TestCase1003 -->
